[20-Dec-2021 22:26:50 UTC] PHP Warning:  require(C:\labfiles\microsoft-mysql-developer-guide\sample-php-app\public/../vendor/autoload.php): Failed to open stream: No such file or directory in C:\labfiles\microsoft-mysql-developer-guide\sample-php-app\public\index.php on line 34
[20-Dec-2021 22:26:50 UTC] PHP Fatal error:  Uncaught Error: Failed opening required 'C:\labfiles\microsoft-mysql-developer-guide\sample-php-app\public/../vendor/autoload.php' (include_path='.;C:\php\pear') in C:\labfiles\microsoft-mysql-developer-guide\sample-php-app\public\index.php:34
Stack trace:
#0 {main}
  thrown in C:\labfiles\microsoft-mysql-developer-guide\sample-php-app\public\index.php on line 34
[20-Dec-2021 22:30:20 UTC] PHP Warning:  require(C:\labfiles\microsoft-mysql-developer-guide\sample-php-app\public/../vendor/autoload.php): Failed to open stream: No such file or directory in C:\labfiles\microsoft-mysql-developer-guide\sample-php-app\public\index.php on line 34
[20-Dec-2021 22:30:20 UTC] PHP Fatal error:  Uncaught Error: Failed opening required 'C:\labfiles\microsoft-mysql-developer-guide\sample-php-app\public/../vendor/autoload.php' (include_path='.;C:\php\pear') in C:\labfiles\microsoft-mysql-developer-guide\sample-php-app\public\index.php:34
Stack trace:
#0 {main}
  thrown in C:\labfiles\microsoft-mysql-developer-guide\sample-php-app\public\index.php on line 34
[20-Dec-2021 22:30:22 UTC] PHP Warning:  require(C:\labfiles\microsoft-mysql-developer-guide\sample-php-app\public/../vendor/autoload.php): Failed to open stream: No such file or directory in C:\labfiles\microsoft-mysql-developer-guide\sample-php-app\public\index.php on line 34
[20-Dec-2021 22:30:22 UTC] PHP Fatal error:  Uncaught Error: Failed opening required 'C:\labfiles\microsoft-mysql-developer-guide\sample-php-app\public/../vendor/autoload.php' (include_path='.;C:\php\pear') in C:\labfiles\microsoft-mysql-developer-guide\sample-php-app\public\index.php:34
Stack trace:
#0 {main}
  thrown in C:\labfiles\microsoft-mysql-developer-guide\sample-php-app\public\index.php on line 34
[20-Dec-2021 22:30:35 UTC] PHP Warning:  require(C:\labfiles\microsoft-mysql-developer-guide\sample-php-app\public/../vendor/autoload.php): Failed to open stream: No such file or directory in C:\labfiles\microsoft-mysql-developer-guide\sample-php-app\public\index.php on line 34
[20-Dec-2021 22:30:35 UTC] PHP Fatal error:  Uncaught Error: Failed opening required 'C:\labfiles\microsoft-mysql-developer-guide\sample-php-app\public/../vendor/autoload.php' (include_path='.;C:\php\pear') in C:\labfiles\microsoft-mysql-developer-guide\sample-php-app\public\index.php:34
Stack trace:
#0 {main}
  thrown in C:\labfiles\microsoft-mysql-developer-guide\sample-php-app\public\index.php on line 34
[20-Dec-2021 22:30:43 UTC] PHP Warning:  require(C:\labfiles\microsoft-mysql-developer-guide\sample-php-app\public/../vendor/autoload.php): Failed to open stream: No such file or directory in C:\labfiles\microsoft-mysql-developer-guide\sample-php-app\public\index.php on line 34
[20-Dec-2021 22:30:43 UTC] PHP Fatal error:  Uncaught Error: Failed opening required 'C:\labfiles\microsoft-mysql-developer-guide\sample-php-app\public/../vendor/autoload.php' (include_path='.;C:\php\pear') in C:\labfiles\microsoft-mysql-developer-guide\sample-php-app\public\index.php:34
Stack trace:
#0 {main}
  thrown in C:\labfiles\microsoft-mysql-developer-guide\sample-php-app\public\index.php on line 34
[20-Dec-2021 22:30:59 UTC] PHP Warning:  require(C:\labfiles\microsoft-mysql-developer-guide\sample-php-app\public/../vendor/autoload.php): Failed to open stream: No such file or directory in C:\labfiles\microsoft-mysql-developer-guide\sample-php-app\public\index.php on line 34
[20-Dec-2021 22:30:59 UTC] PHP Fatal error:  Uncaught Error: Failed opening required 'C:\labfiles\microsoft-mysql-developer-guide\sample-php-app\public/../vendor/autoload.php' (include_path='.;C:\php\pear') in C:\labfiles\microsoft-mysql-developer-guide\sample-php-app\public\index.php:34
Stack trace:
#0 {main}
  thrown in C:\labfiles\microsoft-mysql-developer-guide\sample-php-app\public\index.php on line 34
[20-Dec-2021 22:31:50 UTC] PHP Warning:  require(C:\labfiles\microsoft-mysql-developer-guide\sample-php-app\public/../vendor/autoload.php): Failed to open stream: No such file or directory in C:\labfiles\microsoft-mysql-developer-guide\sample-php-app\public\index.php on line 34
[20-Dec-2021 22:31:50 UTC] PHP Fatal error:  Uncaught Error: Failed opening required 'C:\labfiles\microsoft-mysql-developer-guide\sample-php-app\public/../vendor/autoload.php' (include_path='.;C:\php\pear') in C:\labfiles\microsoft-mysql-developer-guide\sample-php-app\public\index.php:34
Stack trace:
#0 {main}
  thrown in C:\labfiles\microsoft-mysql-developer-guide\sample-php-app\public\index.php on line 34
